<?xml version="1.0" encoding="UTF-8"?>
<testng-results ignored="0" total="1" passed="1" failed="0" skipped="0">
  <reporter-output>
  </reporter-output>
  <suite started-at="2024-01-04T17:02:05 IST" name="Default suite" finished-at="2024-01-04T17:02:15 IST" duration-ms="9772">
    <groups>
    </groups>
    <test started-at="2024-01-04T17:02:05 IST" name="Default test" finished-at="2024-01-04T17:02:15 IST" duration-ms="9772">
      <class name="com.orange.testCases.TC_LoginTest">
        <test-method is-config="true" signature="setbrowser()[pri:0, instance:com.orange.testCases.TC_LoginTest@449a4f23]" started-at="2024-01-04T17:02:05 IST" name="setbrowser" finished-at="2024-01-04T17:02:14 IST" duration-ms="8489" status="PASS">
          <reporter-output>
          </reporter-output>
        </test-method> <!-- setbrowser -->
        <test-method signature="verifylogin()[pri:0, instance:com.orange.testCases.TC_LoginTest@449a4f23]" started-at="2024-01-04T17:02:14 IST" name="verifylogin" finished-at="2024-01-04T17:02:15 IST" duration-ms="1076" status="PASS">
          <reporter-output>
          </reporter-output>
        </test-method> <!-- verifylogin -->
        <test-method is-config="true" signature="teardown()[pri:0, instance:com.orange.testCases.TC_LoginTest@449a4f23]" started-at="2024-01-04T17:02:15 IST" name="teardown" finished-at="2024-01-04T17:02:15 IST" duration-ms="164" status="PASS">
          <reporter-output>
          </reporter-output>
        </test-method> <!-- teardown -->
      </class> <!-- com.orange.testCases.TC_LoginTest -->
    </test> <!-- Default test -->
  </suite> <!-- Default suite -->
</testng-results>
